{"contracts/CommitReveal.sol":{"l":{"44":2,"45":2,"49":28,"50":28,"51":84,"53":28,"54":28,"58":2,"59":2,"63":3,"64":3,"68":3,"69":3,"70":3,"71":3,"72":3,"76":11,"77":9,"78":9,"79":9,"80":9,"84":17,"85":17,"86":17,"87":17,"88":9,"89":9,"90":9,"91":9,"92":9,"93":9,"97":2,"98":2,"99":2,"101":4,"102":0,"104":4,"105":2,"107":2,"108":2,"109":2,"111":0,"112":0,"115":0,"116":0,"118":0,"124":2,"125":2,"126":2,"128":2,"130":0,"132":0,"133":0,"137":2,"138":2,"140":0,"144":2,"148":1,"152":3,"155":0,"156":0},"path":"/Users/ahmed/Desktop/code/fitchain-contracts/contracts/CommitReveal.sol","s":{"1":2,"2":28,"3":28,"4":84,"5":28,"6":28,"7":2,"8":3,"9":3,"10":3,"11":3,"12":3,"13":3,"14":11,"15":9,"16":9,"17":9,"18":9,"19":17,"20":17,"21":17,"22":17,"23":17,"24":9,"25":9,"26":9,"27":9,"28":9,"29":9,"30":2,"31":2,"32":2,"33":4,"34":4,"35":2,"36":2,"37":2,"38":0,"39":0,"40":0,"41":0,"42":2,"43":2,"44":2,"45":2,"46":0,"47":0,"48":0,"49":2,"50":2,"51":0,"52":2,"53":1,"54":3,"55":0,"56":0,"57":0},"b":{"1":[2,0],"2":[28,56],"3":[28,0],"4":[2,0],"5":[3,0],"6":[3,0],"7":[9,2],"8":[9,0],"9":[17,0],"10":[17,0],"11":[17,0],"12":[9,8],"13":[9,0],"14":[0,4],"15":[2,2],"16":[2,0],"17":[2,0],"18":[0,0],"19":[2,0],"20":[2,0],"21":[0,0]},"f":{"1":2,"2":28,"3":2,"4":3,"5":3,"6":11,"7":17,"8":2,"9":2,"10":2,"11":1,"12":3,"13":0},"fnMap":{"1":{"name":"onlyAfterReveal","line":43,"loc":{"start":{"line":43,"column":4},"end":{"line":43,"column":47}}},"2":{"name":"onlyCommitmentVoters","line":48,"loc":{"start":{"line":48,"column":4},"end":{"line":48,"column":53}}},"3":{"name":"onlyCommitmentOwner","line":57,"loc":{"start":{"line":57,"column":4},"end":{"line":57,"column":51}}},"4":{"name":"onlyCommitmentNotExist","line":62,"loc":{"start":{"line":62,"column":4},"end":{"line":62,"column":54}}},"5":{"name":"setup","line":67,"loc":{"start":{"line":67,"column":4},"end":{"line":67,"column":164}}},"6":{"name":"commit","line":75,"loc":{"start":{"line":75,"column":4},"end":{"line":75,"column":111}}},"7":{"name":"reveal","line":83,"loc":{"start":{"line":83,"column":4},"end":{"line":83,"column":123}}},"8":{"name":"getCommitmentResult","line":96,"loc":{"start":{"line":96,"column":4},"end":{"line":96,"column":171}}},"9":{"name":"isCommitmentTimedout","line":136,"loc":{"start":{"line":136,"column":4},"end":{"line":136,"column":79}}},"10":{"name":"getRevealTimeout","line":143,"loc":{"start":{"line":143,"column":4},"end":{"line":143,"column":79}}},"11":{"name":"getCommitTimeout","line":147,"loc":{"start":{"line":147,"column":4},"end":{"line":147,"column":79}}},"12":{"name":"canReveal","line":151,"loc":{"start":{"line":151,"column":4},"end":{"line":151,"column":69}}},"13":{"name":"getCommitRevealResult","line":154,"loc":{"start":{"line":154,"column":4},"end":{"line":154,"column":92}}}},"statementMap":{"1":{"start":{"line":44,"column":8},"end":{"line":44,"column":102}},"2":{"start":{"line":49,"column":8},"end":{"line":49,"column":26}},"3":{"start":{"line":50,"column":8},"end":{"line":50,"column":1387}},"4":{"start":{"line":51,"column":12},"end":{"line":51,"column":76}},"5":{"start":{"line":51,"column":63},"end":{"line":51,"column":75}},"6":{"start":{"line":53,"column":8},"end":{"line":53,"column":47}},"7":{"start":{"line":58,"column":8},"end":{"line":58,"column":86}},"8":{"start":{"line":63,"column":8},"end":{"line":63,"column":74}},"9":{"start":{"line":68,"column":8},"end":{"line":68,"column":98}},"10":{"start":{"line":69,"column":8},"end":{"line":69,"column":152}},"11":{"start":{"line":70,"column":8},"end":{"line":70,"column":42}},"12":{"start":{"line":71,"column":8},"end":{"line":71,"column":144}},"13":{"start":{"line":72,"column":8},"end":{"line":72,"column":19}},"14":{"start":{"line":76,"column":8},"end":{"line":76,"column":84}},"15":{"start":{"line":77,"column":8},"end":{"line":77,"column":94}},"16":{"start":{"line":78,"column":8},"end":{"line":78,"column":99}},"17":{"start":{"line":79,"column":8},"end":{"line":79,"column":59}},"18":{"start":{"line":80,"column":8},"end":{"line":80,"column":19}},"19":{"start":{"line":84,"column":8},"end":{"line":84,"column":107}},"20":{"start":{"line":84,"column":69},"end":{"line":84,"column":107}},"21":{"start":{"line":85,"column":8},"end":{"line":85,"column":90}},"22":{"start":{"line":86,"column":8},"end":{"line":86,"column":94}},"23":{"start":{"line":87,"column":8},"end":{"line":87,"column":156}},"24":{"start":{"line":88,"column":8},"end":{"line":88,"column":136}},"25":{"start":{"line":89,"column":8},"end":{"line":89,"column":58}},"26":{"start":{"line":90,"column":8},"end":{"line":90,"column":60}},"27":{"start":{"line":91,"column":8},"end":{"line":91,"column":63}},"28":{"start":{"line":92,"column":8},"end":{"line":92,"column":97}},"29":{"start":{"line":93,"column":8},"end":{"line":93,"column":19}},"30":{"start":{"line":97,"column":8},"end":{"line":97,"column":27}},"31":{"start":{"line":98,"column":8},"end":{"line":98,"column":29}},"32":{"start":{"line":99,"column":8},"end":{"line":99,"column":4348}},"33":{"start":{"line":101,"column":12},"end":{"line":101,"column":4450}},"34":{"start":{"line":104,"column":16},"end":{"line":104,"column":4726}},"35":{"start":{"line":105,"column":20},"end":{"line":105,"column":4802}},"36":{"start":{"line":107,"column":24},"end":{"line":107,"column":5052}},"37":{"start":{"line":108,"column":28},"end":{"line":108,"column":39}},"38":{"start":{"line":111,"column":28},"end":{"line":111,"column":41}},"39":{"start":{"line":115,"column":24},"end":{"line":115,"column":5363}},"40":{"start":{"line":116,"column":28},"end":{"line":116,"column":39}},"41":{"start":{"line":118,"column":28},"end":{"line":118,"column":41}},"42":{"start":{"line":124,"column":8},"end":{"line":124,"column":5613}},"43":{"start":{"line":125,"column":12},"end":{"line":125,"column":67}},"44":{"start":{"line":126,"column":12},"end":{"line":126,"column":46}},"45":{"start":{"line":128,"column":12},"end":{"line":128,"column":53}},"46":{"start":{"line":130,"column":8},"end":{"line":130,"column":43}},"47":{"start":{"line":132,"column":8},"end":{"line":132,"column":63}},"48":{"start":{"line":133,"column":8},"end":{"line":133,"column":49}},"49":{"start":{"line":137,"column":8},"end":{"line":137,"column":6187}},"50":{"start":{"line":138,"column":12},"end":{"line":138,"column":23}},"51":{"start":{"line":140,"column":8},"end":{"line":140,"column":20}},"52":{"start":{"line":144,"column":8},"end":{"line":144,"column":52}},"53":{"start":{"line":148,"column":8},"end":{"line":148,"column":52}},"54":{"start":{"line":152,"column":8},"end":{"line":152,"column":73}},"55":{"start":{"line":155,"column":8},"end":{"line":155,"column":82}},"56":{"start":{"line":155,"column":41},"end":{"line":155,"column":82}},"57":{"start":{"line":156,"column":8},"end":{"line":156,"column":49}}},"branchMap":{"1":{"line":44,"type":"if","locations":[{"start":{"line":44,"column":8},"end":{"line":44,"column":8}},{"start":{"line":44,"column":8},"end":{"line":44,"column":8}}]},"2":{"line":51,"type":"if","locations":[{"start":{"line":51,"column":12},"end":{"line":51,"column":12}},{"start":{"line":51,"column":12},"end":{"line":51,"column":12}}]},"3":{"line":53,"type":"if","locations":[{"start":{"line":53,"column":8},"end":{"line":53,"column":8}},{"start":{"line":53,"column":8},"end":{"line":53,"column":8}}]},"4":{"line":58,"type":"if","locations":[{"start":{"line":58,"column":8},"end":{"line":58,"column":8}},{"start":{"line":58,"column":8},"end":{"line":58,"column":8}}]},"5":{"line":63,"type":"if","locations":[{"start":{"line":63,"column":8},"end":{"line":63,"column":8}},{"start":{"line":63,"column":8},"end":{"line":63,"column":8}}]},"6":{"line":68,"type":"if","locations":[{"start":{"line":68,"column":8},"end":{"line":68,"column":8}},{"start":{"line":68,"column":8},"end":{"line":68,"column":8}}]},"7":{"line":76,"type":"if","locations":[{"start":{"line":76,"column":8},"end":{"line":76,"column":8}},{"start":{"line":76,"column":8},"end":{"line":76,"column":8}}]},"8":{"line":77,"type":"if","locations":[{"start":{"line":77,"column":8},"end":{"line":77,"column":8}},{"start":{"line":77,"column":8},"end":{"line":77,"column":8}}]},"9":{"line":84,"type":"if","locations":[{"start":{"line":84,"column":8},"end":{"line":84,"column":8}},{"start":{"line":84,"column":8},"end":{"line":84,"column":8}}]},"10":{"line":85,"type":"if","locations":[{"start":{"line":85,"column":8},"end":{"line":85,"column":8}},{"start":{"line":85,"column":8},"end":{"line":85,"column":8}}]},"11":{"line":86,"type":"if","locations":[{"start":{"line":86,"column":8},"end":{"line":86,"column":8}},{"start":{"line":86,"column":8},"end":{"line":86,"column":8}}]},"12":{"line":87,"type":"if","locations":[{"start":{"line":87,"column":8},"end":{"line":87,"column":8}},{"start":{"line":87,"column":8},"end":{"line":87,"column":8}}]},"13":{"line":88,"type":"if","locations":[{"start":{"line":88,"column":8},"end":{"line":88,"column":8}},{"start":{"line":88,"column":8},"end":{"line":88,"column":8}}]},"14":{"line":101,"type":"if","locations":[{"start":{"line":101,"column":12},"end":{"line":101,"column":12}},{"start":{"line":101,"column":12},"end":{"line":101,"column":12}}]},"15":{"line":104,"type":"if","locations":[{"start":{"line":104,"column":16},"end":{"line":104,"column":16}},{"start":{"line":104,"column":16},"end":{"line":104,"column":16}}]},"16":{"line":105,"type":"if","locations":[{"start":{"line":105,"column":20},"end":{"line":105,"column":20}},{"start":{"line":105,"column":20},"end":{"line":105,"column":20}}]},"17":{"line":107,"type":"if","locations":[{"start":{"line":107,"column":24},"end":{"line":107,"column":24}},{"start":{"line":107,"column":24},"end":{"line":107,"column":24}}]},"18":{"line":115,"type":"if","locations":[{"start":{"line":115,"column":24},"end":{"line":115,"column":24}},{"start":{"line":115,"column":24},"end":{"line":115,"column":24}}]},"19":{"line":124,"type":"if","locations":[{"start":{"line":124,"column":8},"end":{"line":124,"column":8}},{"start":{"line":124,"column":8},"end":{"line":124,"column":8}}]},"20":{"line":137,"type":"if","locations":[{"start":{"line":137,"column":8},"end":{"line":137,"column":8}},{"start":{"line":137,"column":8},"end":{"line":137,"column":8}}]},"21":{"line":155,"type":"if","locations":[{"start":{"line":155,"column":8},"end":{"line":155,"column":8}},{"start":{"line":155,"column":8},"end":{"line":155,"column":8}}]}}},"contracts/FitchainHelper.sol":{"l":{"11":0},"path":"/Users/ahmed/Desktop/code/fitchain-contracts/contracts/FitchainHelper.sol","s":{"1":0},"b":{},"f":{"1":0},"fnMap":{"1":{"name":"suffle","line":10,"loc":{"start":{"line":10,"column":4},"end":{"line":10,"column":67}}}},"statementMap":{"1":{"start":{"line":11,"column":8},"end":{"line":11,"column":81}}},"branchMap":{}},"contracts/FitchainModel.sol":{"l":{"45":1,"46":1,"50":4,"51":4,"55":3,"56":3,"60":2,"61":2,"62":2,"63":2,"64":2,"68":1,"69":1,"73":3,"74":3,"75":3,"76":3,"77":3,"78":3,"79":3,"84":1,"85":1,"87":1,"88":1,"89":1,"91":0,"92":0,"97":1,"98":1,"99":1,"100":1,"101":1,"102":1,"106":1,"108":1,"109":1,"110":1,"114":1,"115":1,"116":1,"120":2,"124":2,"128":0,"132":0,"136":0,"140":1,"141":1,"142":1,"146":1,"147":0,"149":0,"150":0,"153":0,"155":0,"156":0,"158":0,"162":0,"163":0,"165":1},"path":"/Users/ahmed/Desktop/code/fitchain-contracts/contracts/FitchainModel.sol","s":{"1":1,"2":4,"3":3,"4":2,"5":2,"6":2,"7":2,"8":1,"9":3,"10":3,"11":3,"12":3,"13":3,"14":3,"15":3,"16":1,"17":1,"18":1,"19":1,"20":0,"21":0,"22":1,"23":1,"24":1,"25":1,"26":1,"27":1,"28":1,"29":1,"30":1,"31":1,"32":1,"33":1,"34":2,"35":2,"36":0,"37":0,"38":0,"39":1,"40":1,"41":1,"42":0,"43":0,"44":0,"45":0,"46":0,"47":0,"48":0,"49":1},"b":{"1":[1,0],"2":[4,0],"3":[3,0],"4":[2,0],"5":[2,0],"6":[2,0],"7":[1,0],"8":[3,0],"9":[3,0],"10":[3,0],"11":[1,0],"12":[1,0],"13":[1,0],"14":[0,0],"15":[0,0],"16":[0,0],"17":[0,0]},"f":{"1":1,"2":4,"3":3,"4":2,"5":1,"6":3,"7":1,"8":1,"9":1,"10":1,"11":2,"12":2,"13":0,"14":0,"15":0,"16":1,"17":1},"fnMap":{"1":{"name":"notExist","line":44,"loc":{"start":{"line":44,"column":4},"end":{"line":44,"column":35}}},"2":{"name":"onlyExist","line":49,"loc":{"start":{"line":49,"column":4},"end":{"line":49,"column":37}}},"3":{"name":"onlyModelOwner","line":54,"loc":{"start":{"line":54,"column":4},"end":{"line":54,"column":41}}},"4":{"name":"onlyValidatedModel","line":59,"loc":{"start":{"line":59,"column":4},"end":{"line":59,"column":45}}},"5":{"name":"onlyVerifiedModel","line":67,"loc":{"start":{"line":67,"column":4},"end":{"line":67,"column":44}}},"6":{"name":null,"line":72,"loc":{"start":{"line":72,"column":4},"end":{"line":72,"column":132}}},"7":{"name":"createModel","line":82,"loc":{"start":{"line":82,"column":4},"end":{"line":82,"column":126}}},"8":{"name":"publishModel","line":96,"loc":{"start":{"line":96,"column":4},"end":{"line":96,"column":163}}},"9":{"name":"verifyModel","line":105,"loc":{"start":{"line":105,"column":4},"end":{"line":105,"column":170}}},"10":{"name":"releaseModelStake","line":113,"loc":{"start":{"line":113,"column":4},"end":{"line":113,"column":93}}},"11":{"name":"isModelTrained","line":119,"loc":{"start":{"line":119,"column":4},"end":{"line":119,"column":86}}},"12":{"name":"isModelVerified","line":123,"loc":{"start":{"line":123,"column":4},"end":{"line":123,"column":87}}},"13":{"name":"getModelKVerifiersCount","line":127,"loc":{"start":{"line":127,"column":4},"end":{"line":127,"column":98}}},"14":{"name":"getModelKGossipersCount","line":131,"loc":{"start":{"line":131,"column":4},"end":{"line":131,"column":98}}},"15":{"name":"getModelChallengeCount","line":135,"loc":{"start":{"line":135,"column":4},"end":{"line":135,"column":97}}},"16":{"name":"setModelTrained","line":139,"loc":{"start":{"line":139,"column":4},"end":{"line":139,"column":88}}},"17":{"name":"setModelVerified","line":145,"loc":{"start":{"line":145,"column":4},"end":{"line":145,"column":79}}}},"statementMap":{"1":{"start":{"line":45,"column":8},"end":{"line":45,"column":61}},"2":{"start":{"line":50,"column":8},"end":{"line":50,"column":61}},"3":{"start":{"line":55,"column":8},"end":{"line":55,"column":74}},"4":{"start":{"line":60,"column":8},"end":{"line":60,"column":71}},"5":{"start":{"line":61,"column":8},"end":{"line":61,"column":65}},"6":{"start":{"line":62,"column":8},"end":{"line":62,"column":70}},"7":{"start":{"line":63,"column":8},"end":{"line":63,"column":96}},"8":{"start":{"line":68,"column":8},"end":{"line":68,"column":72}},"9":{"start":{"line":73,"column":8},"end":{"line":73,"column":91}},"10":{"start":{"line":74,"column":8},"end":{"line":74,"column":91}},"11":{"start":{"line":75,"column":8},"end":{"line":75,"column":81}},"12":{"start":{"line":76,"column":8},"end":{"line":76,"column":62}},"13":{"start":{"line":77,"column":8},"end":{"line":77,"column":62}},"14":{"start":{"line":78,"column":8},"end":{"line":78,"column":45}},"15":{"start":{"line":79,"column":8},"end":{"line":79,"column":27}},"16":{"start":{"line":84,"column":8},"end":{"line":84,"column":2898}},"17":{"start":{"line":85,"column":12},"end":{"line":85,"column":167}},"18":{"start":{"line":88,"column":12},"end":{"line":88,"column":56}},"19":{"start":{"line":89,"column":12},"end":{"line":89,"column":23}},"20":{"start":{"line":91,"column":8},"end":{"line":91,"column":53}},"21":{"start":{"line":92,"column":8},"end":{"line":92,"column":20}},"22":{"start":{"line":97,"column":8},"end":{"line":97,"column":43}},"23":{"start":{"line":98,"column":8},"end":{"line":98,"column":39}},"24":{"start":{"line":99,"column":8},"end":{"line":99,"column":45}},"25":{"start":{"line":100,"column":8},"end":{"line":100,"column":55}},"26":{"start":{"line":101,"column":8},"end":{"line":101,"column":85}},"27":{"start":{"line":102,"column":8},"end":{"line":102,"column":19}},"28":{"start":{"line":106,"column":8},"end":{"line":106,"column":46}},"29":{"start":{"line":108,"column":8},"end":{"line":108,"column":130}},"30":{"start":{"line":109,"column":8},"end":{"line":109,"column":64}},"31":{"start":{"line":110,"column":8},"end":{"line":110,"column":19}},"32":{"start":{"line":115,"column":8},"end":{"line":115,"column":68}},"33":{"start":{"line":116,"column":8},"end":{"line":116,"column":19}},"34":{"start":{"line":120,"column":8},"end":{"line":120,"column":40}},"35":{"start":{"line":124,"column":8},"end":{"line":124,"column":41}},"36":{"start":{"line":128,"column":8},"end":{"line":128,"column":41}},"37":{"start":{"line":132,"column":8},"end":{"line":132,"column":41}},"38":{"start":{"line":136,"column":8},"end":{"line":136,"column":54}},"39":{"start":{"line":140,"column":8},"end":{"line":140,"column":73}},"40":{"start":{"line":142,"column":8},"end":{"line":142,"column":39}},"41":{"start":{"line":146,"column":8},"end":{"line":146,"column":5736}},"42":{"start":{"line":147,"column":12},"end":{"line":147,"column":124}},"43":{"start":{"line":149,"column":12},"end":{"line":149,"column":6023}},"44":{"start":{"line":150,"column":16},"end":{"line":150,"column":49}},"45":{"start":{"line":153,"column":12},"end":{"line":153,"column":6188}},"46":{"start":{"line":156,"column":16},"end":{"line":156,"column":6342}},"47":{"start":{"line":162,"column":12},"end":{"line":162,"column":132}},"48":{"start":{"line":163,"column":12},"end":{"line":163,"column":116}},"49":{"start":{"line":165,"column":8},"end":{"line":165,"column":40}}},"branchMap":{"1":{"line":45,"type":"if","locations":[{"start":{"line":45,"column":8},"end":{"line":45,"column":8}},{"start":{"line":45,"column":8},"end":{"line":45,"column":8}}]},"2":{"line":50,"type":"if","locations":[{"start":{"line":50,"column":8},"end":{"line":50,"column":8}},{"start":{"line":50,"column":8},"end":{"line":50,"column":8}}]},"3":{"line":55,"type":"if","locations":[{"start":{"line":55,"column":8},"end":{"line":55,"column":8}},{"start":{"line":55,"column":8},"end":{"line":55,"column":8}}]},"4":{"line":61,"type":"if","locations":[{"start":{"line":61,"column":8},"end":{"line":61,"column":8}},{"start":{"line":61,"column":8},"end":{"line":61,"column":8}}]},"5":{"line":62,"type":"if","locations":[{"start":{"line":62,"column":8},"end":{"line":62,"column":8}},{"start":{"line":62,"column":8},"end":{"line":62,"column":8}}]},"6":{"line":63,"type":"if","locations":[{"start":{"line":63,"column":8},"end":{"line":63,"column":8}},{"start":{"line":63,"column":8},"end":{"line":63,"column":8}}]},"7":{"line":68,"type":"if","locations":[{"start":{"line":68,"column":8},"end":{"line":68,"column":8}},{"start":{"line":68,"column":8},"end":{"line":68,"column":8}}]},"8":{"line":73,"type":"if","locations":[{"start":{"line":73,"column":8},"end":{"line":73,"column":8}},{"start":{"line":73,"column":8},"end":{"line":73,"column":8}}]},"9":{"line":74,"type":"if","locations":[{"start":{"line":74,"column":8},"end":{"line":74,"column":8}},{"start":{"line":74,"column":8},"end":{"line":74,"column":8}}]},"10":{"line":75,"type":"if","locations":[{"start":{"line":75,"column":8},"end":{"line":75,"column":8}},{"start":{"line":75,"column":8},"end":{"line":75,"column":8}}]},"11":{"line":84,"type":"if","locations":[{"start":{"line":84,"column":8},"end":{"line":84,"column":8}},{"start":{"line":84,"column":8},"end":{"line":84,"column":8}}]},"12":{"line":108,"type":"if","locations":[{"start":{"line":108,"column":8},"end":{"line":108,"column":8}},{"start":{"line":108,"column":8},"end":{"line":108,"column":8}}]},"13":{"line":140,"type":"if","locations":[{"start":{"line":140,"column":8},"end":{"line":140,"column":8}},{"start":{"line":140,"column":8},"end":{"line":140,"column":8}}]},"14":{"line":149,"type":"if","locations":[{"start":{"line":149,"column":12},"end":{"line":149,"column":12}},{"start":{"line":149,"column":12},"end":{"line":149,"column":12}}]},"15":{"line":153,"type":"if","locations":[{"start":{"line":153,"column":12},"end":{"line":153,"column":12}},{"start":{"line":153,"column":12},"end":{"line":153,"column":12}}]},"16":{"line":162,"type":"if","locations":[{"start":{"line":162,"column":12},"end":{"line":162,"column":12}},{"start":{"line":162,"column":12},"end":{"line":162,"column":12}}]},"17":{"line":163,"type":"if","locations":[{"start":{"line":163,"column":12},"end":{"line":163,"column":12}},{"start":{"line":163,"column":12},"end":{"line":163,"column":12}}]}}},"contracts/FitchainPayment.sol":{"l":{"30":1,"31":1,"40":3,"41":3,"42":3,"43":3,"44":3,"48":1,"49":1,"50":1,"51":1,"52":1,"53":1,"54":1,"58":1,"59":1,"60":1,"65":0,"66":0,"67":0,"68":0},"path":"/Users/ahmed/Desktop/code/fitchain-contracts/contracts/FitchainPayment.sol","s":{"1":1,"2":3,"3":3,"4":3,"5":3,"6":3,"7":1,"8":1,"9":1,"10":1,"11":1,"12":1,"13":1,"14":1,"15":1,"16":0,"17":0,"18":0},"b":{"1":[1,0],"2":[3,0],"3":[3,0],"4":[1,0],"5":[1,0],"6":[1,0],"7":[1,0],"8":[0,0]},"f":{"1":1,"2":3,"3":1,"4":1,"5":0},"fnMap":{"1":{"name":"onlyValidModel","line":29,"loc":{"start":{"line":29,"column":4},"end":{"line":29,"column":41}}},"2":{"name":null,"line":39,"loc":{"start":{"line":39,"column":4},"end":{"line":39,"column":94}}},"3":{"name":"lockPayment","line":47,"loc":{"start":{"line":47,"column":4},"end":{"line":47,"column":127}}},"4":{"name":"releasePayment","line":57,"loc":{"start":{"line":57,"column":4},"end":{"line":57,"column":90}}},"5":{"name":"refundPayment","line":63,"loc":{"start":{"line":63,"column":4},"end":{"line":63,"column":63}}}},"statementMap":{"1":{"start":{"line":30,"column":8},"end":{"line":30,"column":102}},"2":{"start":{"line":40,"column":8},"end":{"line":40,"column":79}},"3":{"start":{"line":41,"column":8},"end":{"line":41,"column":68}},"4":{"start":{"line":42,"column":8},"end":{"line":42,"column":51}},"5":{"start":{"line":43,"column":8},"end":{"line":43,"column":43}},"6":{"start":{"line":44,"column":8},"end":{"line":44,"column":32}},"7":{"start":{"line":48,"column":8},"end":{"line":48,"column":69}},"8":{"start":{"line":49,"column":8},"end":{"line":49,"column":52}},"9":{"start":{"line":50,"column":8},"end":{"line":50,"column":49}},"10":{"start":{"line":51,"column":8},"end":{"line":51,"column":88}},"11":{"start":{"line":52,"column":8},"end":{"line":52,"column":69}},"12":{"start":{"line":53,"column":8},"end":{"line":53,"column":74}},"13":{"start":{"line":54,"column":8},"end":{"line":54,"column":19}},"14":{"start":{"line":59,"column":8},"end":{"line":59,"column":98}},"15":{"start":{"line":60,"column":8},"end":{"line":60,"column":19}},"16":{"start":{"line":65,"column":8},"end":{"line":65,"column":82}},"17":{"start":{"line":67,"column":8},"end":{"line":67,"column":95}},"18":{"start":{"line":68,"column":8},"end":{"line":68,"column":19}}},"branchMap":{"1":{"line":30,"type":"if","locations":[{"start":{"line":30,"column":8},"end":{"line":30,"column":8}},{"start":{"line":30,"column":8},"end":{"line":30,"column":8}}]},"2":{"line":40,"type":"if","locations":[{"start":{"line":40,"column":8},"end":{"line":40,"column":8}},{"start":{"line":40,"column":8},"end":{"line":40,"column":8}}]},"3":{"line":41,"type":"if","locations":[{"start":{"line":41,"column":8},"end":{"line":41,"column":8}},{"start":{"line":41,"column":8},"end":{"line":41,"column":8}}]},"4":{"line":48,"type":"if","locations":[{"start":{"line":48,"column":8},"end":{"line":48,"column":8}},{"start":{"line":48,"column":8},"end":{"line":48,"column":8}}]},"5":{"line":49,"type":"if","locations":[{"start":{"line":49,"column":8},"end":{"line":49,"column":8}},{"start":{"line":49,"column":8},"end":{"line":49,"column":8}}]},"6":{"line":50,"type":"if","locations":[{"start":{"line":50,"column":8},"end":{"line":50,"column":8}},{"start":{"line":50,"column":8},"end":{"line":50,"column":8}}]},"7":{"line":52,"type":"if","locations":[{"start":{"line":52,"column":8},"end":{"line":52,"column":8}},{"start":{"line":52,"column":8},"end":{"line":52,"column":8}}]},"8":{"line":65,"type":"if","locations":[{"start":{"line":65,"column":8},"end":{"line":65,"column":8}},{"start":{"line":65,"column":8},"end":{"line":65,"column":8}}]}}},"contracts/FitchainRegistry.sol":{"l":{"24":43,"25":43,"29":1,"30":1,"34":16,"35":8,"39":14,"40":14,"44":5,"45":5,"49":14,"50":14,"51":14,"52":14,"53":14,"57":8,"58":8,"59":8,"60":8,"61":8,"65":1,"66":1,"67":1,"69":1,"71":1,"75":19,"79":5,"83":2,"88":20,"89":20,"90":20,"91":19,"93":20,"94":20,"97":0,"101":23,"102":23,"106":14,"110":15,"111":15,"112":15,"113":12,"115":3,"119":11,"120":11,"121":9,"123":11,"124":11},"path":"/Users/ahmed/Desktop/code/fitchain-contracts/contracts/FitchainRegistry.sol","s":{"1":43,"2":1,"3":16,"4":14,"5":5,"6":5,"7":14,"8":14,"9":14,"10":14,"11":14,"12":8,"13":8,"14":8,"15":8,"16":8,"17":1,"18":1,"19":1,"20":1,"21":1,"22":19,"23":5,"24":2,"25":20,"26":20,"27":20,"28":19,"29":20,"30":0,"31":23,"32":14,"33":15,"34":15,"35":15,"36":12,"37":3,"38":11,"39":11,"40":9,"41":11,"42":11},"b":{"1":[43,0],"2":[1,0],"3":[8,8],"4":[14,0],"5":[5,0],"6":[14,0],"7":[14,0],"8":[8,0],"9":[1,0],"10":[1,0],"11":[20,0],"12":[15,0],"13":[12,3],"14":[11,0],"15":[9,2]},"f":{"1":43,"2":1,"3":16,"4":14,"5":5,"6":14,"7":8,"8":1,"9":19,"10":5,"11":2,"12":20,"13":23,"14":14,"15":15,"16":11},"fnMap":{"1":{"name":"onlyRegistryOwner","line":23,"loc":{"start":{"line":23,"column":4},"end":{"line":23,"column":42}}},"2":{"name":"onlyExist","line":28,"loc":{"start":{"line":28,"column":4},"end":{"line":28,"column":34}}},"3":{"name":"onlyFreeSlots","line":33,"loc":{"start":{"line":33,"column":4},"end":{"line":33,"column":38}}},"4":{"name":"onlyNotExist","line":38,"loc":{"start":{"line":38,"column":4},"end":{"line":38,"column":38}}},"5":{"name":null,"line":43,"loc":{"start":{"line":43,"column":4},"end":{"line":43,"column":43}}},"6":{"name":"register","line":48,"loc":{"start":{"line":48,"column":4},"end":{"line":48,"column":123}}},"7":{"name":"deregister","line":56,"loc":{"start":{"line":56,"column":4},"end":{"line":56,"column":121}}},"8":{"name":"slashActor","line":64,"loc":{"start":{"line":64,"column":4},"end":{"line":64,"column":152}}},"9":{"name":"isActorRegistered","line":74,"loc":{"start":{"line":74,"column":4},"end":{"line":74,"column":69}}},"10":{"name":"getActorFreeSlots","line":78,"loc":{"start":{"line":78,"column":4},"end":{"line":78,"column":72}}},"11":{"name":"getActorMaxSlots","line":82,"loc":{"start":{"line":82,"column":4},"end":{"line":82,"column":71}}},"12":{"name":"removeActorFromRegistry","line":86,"loc":{"start":{"line":86,"column":4},"end":{"line":86,"column":87}}},"13":{"name":"addActorToRegistry","line":100,"loc":{"start":{"line":100,"column":4},"end":{"line":100,"column":81}}},"14":{"name":"getAvaliableRegistrants","line":105,"loc":{"start":{"line":105,"column":4},"end":{"line":105,"column":67}}},"15":{"name":"decrementActorSlots","line":109,"loc":{"start":{"line":109,"column":4},"end":{"line":109,"column":90}}},"16":{"name":"incrementActorSlots","line":118,"loc":{"start":{"line":118,"column":4},"end":{"line":118,"column":90}}}},"statementMap":{"1":{"start":{"line":24,"column":8},"end":{"line":24,"column":76}},"2":{"start":{"line":29,"column":8},"end":{"line":29,"column":76}},"3":{"start":{"line":34,"column":8},"end":{"line":34,"column":135}},"4":{"start":{"line":39,"column":8},"end":{"line":39,"column":76}},"5":{"start":{"line":44,"column":8},"end":{"line":44,"column":62}},"6":{"start":{"line":45,"column":8},"end":{"line":45,"column":45}},"7":{"start":{"line":49,"column":8},"end":{"line":49,"column":58}},"8":{"start":{"line":50,"column":8},"end":{"line":50,"column":61}},"9":{"start":{"line":51,"column":8},"end":{"line":51,"column":67}},"10":{"start":{"line":52,"column":8},"end":{"line":52,"column":44}},"11":{"start":{"line":53,"column":8},"end":{"line":53,"column":19}},"12":{"start":{"line":57,"column":8},"end":{"line":57,"column":63}},"13":{"start":{"line":58,"column":8},"end":{"line":58,"column":53}},"14":{"start":{"line":59,"column":8},"end":{"line":59,"column":49}},"15":{"start":{"line":60,"column":8},"end":{"line":60,"column":49}},"16":{"start":{"line":61,"column":8},"end":{"line":61,"column":54}},"17":{"start":{"line":65,"column":8},"end":{"line":65,"column":82}},"18":{"start":{"line":66,"column":8},"end":{"line":66,"column":2381}},"19":{"start":{"line":67,"column":12},"end":{"line":67,"column":37}},"20":{"start":{"line":69,"column":12},"end":{"line":69,"column":51}},"21":{"start":{"line":71,"column":8},"end":{"line":71,"column":19}},"22":{"start":{"line":75,"column":8},"end":{"line":75,"column":49}},"23":{"start":{"line":79,"column":8},"end":{"line":79,"column":48}},"24":{"start":{"line":83,"column":8},"end":{"line":83,"column":51}},"25":{"start":{"line":88,"column":8},"end":{"line":88,"column":3154}},"26":{"start":{"line":89,"column":12},"end":{"line":89,"column":3217}},"27":{"start":{"line":90,"column":16},"end":{"line":90,"column":3268}},"28":{"start":{"line":91,"column":20},"end":{"line":91,"column":56}},"29":{"start":{"line":94,"column":16},"end":{"line":94,"column":27}},"30":{"start":{"line":97,"column":8},"end":{"line":97,"column":20}},"31":{"start":{"line":102,"column":8},"end":{"line":102,"column":19}},"32":{"start":{"line":106,"column":8},"end":{"line":106,"column":33}},"33":{"start":{"line":110,"column":8},"end":{"line":110,"column":76}},"34":{"start":{"line":111,"column":8},"end":{"line":111,"column":44}},"35":{"start":{"line":112,"column":8},"end":{"line":112,"column":3999}},"36":{"start":{"line":113,"column":12},"end":{"line":113,"column":61}},"37":{"start":{"line":115,"column":8},"end":{"line":115,"column":19}},"38":{"start":{"line":119,"column":8},"end":{"line":119,"column":76}},"39":{"start":{"line":120,"column":8},"end":{"line":120,"column":4326}},"40":{"start":{"line":121,"column":12},"end":{"line":121,"column":48}},"41":{"start":{"line":123,"column":8},"end":{"line":123,"column":44}},"42":{"start":{"line":124,"column":8},"end":{"line":124,"column":19}}},"branchMap":{"1":{"line":24,"type":"if","locations":[{"start":{"line":24,"column":8},"end":{"line":24,"column":8}},{"start":{"line":24,"column":8},"end":{"line":24,"column":8}}]},"2":{"line":29,"type":"if","locations":[{"start":{"line":29,"column":8},"end":{"line":29,"column":8}},{"start":{"line":29,"column":8},"end":{"line":29,"column":8}}]},"3":{"line":34,"type":"if","locations":[{"start":{"line":34,"column":8},"end":{"line":34,"column":8}},{"start":{"line":34,"column":8},"end":{"line":34,"column":8}}]},"4":{"line":39,"type":"if","locations":[{"start":{"line":39,"column":8},"end":{"line":39,"column":8}},{"start":{"line":39,"column":8},"end":{"line":39,"column":8}}]},"5":{"line":44,"type":"if","locations":[{"start":{"line":44,"column":8},"end":{"line":44,"column":8}},{"start":{"line":44,"column":8},"end":{"line":44,"column":8}}]},"6":{"line":49,"type":"if","locations":[{"start":{"line":49,"column":8},"end":{"line":49,"column":8}},{"start":{"line":49,"column":8},"end":{"line":49,"column":8}}]},"7":{"line":50,"type":"if","locations":[{"start":{"line":50,"column":8},"end":{"line":50,"column":8}},{"start":{"line":50,"column":8},"end":{"line":50,"column":8}}]},"8":{"line":58,"type":"if","locations":[{"start":{"line":58,"column":8},"end":{"line":58,"column":8}},{"start":{"line":58,"column":8},"end":{"line":58,"column":8}}]},"9":{"line":65,"type":"if","locations":[{"start":{"line":65,"column":8},"end":{"line":65,"column":8}},{"start":{"line":65,"column":8},"end":{"line":65,"column":8}}]},"10":{"line":66,"type":"if","locations":[{"start":{"line":66,"column":8},"end":{"line":66,"column":8}},{"start":{"line":66,"column":8},"end":{"line":66,"column":8}}]},"11":{"line":89,"type":"if","locations":[{"start":{"line":89,"column":12},"end":{"line":89,"column":12}},{"start":{"line":89,"column":12},"end":{"line":89,"column":12}}]},"12":{"line":110,"type":"if","locations":[{"start":{"line":110,"column":8},"end":{"line":110,"column":8}},{"start":{"line":110,"column":8},"end":{"line":110,"column":8}}]},"13":{"line":112,"type":"if","locations":[{"start":{"line":112,"column":8},"end":{"line":112,"column":8}},{"start":{"line":112,"column":8},"end":{"line":112,"column":8}}]},"14":{"line":119,"type":"if","locations":[{"start":{"line":119,"column":8},"end":{"line":119,"column":8}},{"start":{"line":119,"column":8},"end":{"line":119,"column":8}}]},"15":{"line":120,"type":"if","locations":[{"start":{"line":120,"column":8},"end":{"line":120,"column":8}},{"start":{"line":120,"column":8},"end":{"line":120,"column":8}}]}}},"contracts/FitchainStake.sol":{"l":{"20":11,"21":11,"27":5,"28":5,"32":1,"33":1,"34":1,"35":1,"36":1,"37":1,"39":0,"40":0,"44":15,"45":15,"46":15,"47":15,"48":15,"49":15,"51":0,"55":10,"59":1,"60":1,"62":1,"66":10,"67":10,"68":10,"69":10},"path":"/Users/ahmed/Desktop/code/fitchain-contracts/contracts/FitchainStake.sol","s":{"1":11,"2":5,"3":5,"4":1,"5":1,"6":1,"7":1,"8":1,"9":0,"10":0,"11":15,"12":15,"13":15,"14":15,"15":15,"16":0,"17":10,"18":1,"19":1,"20":1,"21":10,"22":10,"23":10,"24":10},"b":{"1":[11,0],"2":[5,0],"3":[1,0],"4":[15,0],"5":[15,0],"6":[1,0],"7":[10,0],"8":[10,0]},"f":{"1":11,"2":5,"3":1,"4":15,"5":10,"6":1,"7":10},"fnMap":{"1":{"name":"onlyStakeOwner","line":19,"loc":{"start":{"line":19,"column":4},"end":{"line":19,"column":41}}},"2":{"name":null,"line":26,"loc":{"start":{"line":26,"column":4},"end":{"line":26,"column":43}}},"3":{"name":"stake","line":31,"loc":{"start":{"line":31,"column":4},"end":{"line":31,"column":69}}},"4":{"name":"stake","line":43,"loc":{"start":{"line":43,"column":4},"end":{"line":43,"column":84}}},"5":{"name":"getStakebyActor","line":54,"loc":{"start":{"line":54,"column":4},"end":{"line":54,"column":86}}},"6":{"name":"slash","line":58,"loc":{"start":{"line":58,"column":4},"end":{"line":58,"column":108}}},"7":{"name":"release","line":65,"loc":{"start":{"line":65,"column":4},"end":{"line":65,"column":110}}}},"statementMap":{"1":{"start":{"line":20,"column":8},"end":{"line":20,"column":74}},"2":{"start":{"line":27,"column":8},"end":{"line":27,"column":62}},"3":{"start":{"line":28,"column":8},"end":{"line":28,"column":43}},"4":{"start":{"line":33,"column":8},"end":{"line":33,"column":843}},"5":{"start":{"line":34,"column":12},"end":{"line":34,"column":55}},"6":{"start":{"line":35,"column":12},"end":{"line":35,"column":45}},"7":{"start":{"line":36,"column":12},"end":{"line":36,"column":65}},"8":{"start":{"line":37,"column":12},"end":{"line":37,"column":23}},"9":{"start":{"line":39,"column":8},"end":{"line":39,"column":62}},"10":{"start":{"line":40,"column":8},"end":{"line":40,"column":20}},"11":{"start":{"line":45,"column":8},"end":{"line":45,"column":69}},"12":{"start":{"line":46,"column":8},"end":{"line":46,"column":1424}},"13":{"start":{"line":47,"column":12},"end":{"line":47,"column":50}},"14":{"start":{"line":48,"column":12},"end":{"line":48,"column":45}},"15":{"start":{"line":49,"column":12},"end":{"line":49,"column":23}},"16":{"start":{"line":51,"column":8},"end":{"line":51,"column":20}},"17":{"start":{"line":55,"column":8},"end":{"line":55,"column":44}},"18":{"start":{"line":59,"column":8},"end":{"line":59,"column":75}},"19":{"start":{"line":60,"column":8},"end":{"line":60,"column":46}},"20":{"start":{"line":62,"column":8},"end":{"line":62,"column":19}},"21":{"start":{"line":66,"column":8},"end":{"line":66,"column":87}},"22":{"start":{"line":67,"column":8},"end":{"line":67,"column":87}},"23":{"start":{"line":68,"column":8},"end":{"line":68,"column":46}},"24":{"start":{"line":69,"column":8},"end":{"line":69,"column":19}}},"branchMap":{"1":{"line":20,"type":"if","locations":[{"start":{"line":20,"column":8},"end":{"line":20,"column":8}},{"start":{"line":20,"column":8},"end":{"line":20,"column":8}}]},"2":{"line":27,"type":"if","locations":[{"start":{"line":27,"column":8},"end":{"line":27,"column":8}},{"start":{"line":27,"column":8},"end":{"line":27,"column":8}}]},"3":{"line":33,"type":"if","locations":[{"start":{"line":33,"column":8},"end":{"line":33,"column":8}},{"start":{"line":33,"column":8},"end":{"line":33,"column":8}}]},"4":{"line":45,"type":"if","locations":[{"start":{"line":45,"column":8},"end":{"line":45,"column":8}},{"start":{"line":45,"column":8},"end":{"line":45,"column":8}}]},"5":{"line":46,"type":"if","locations":[{"start":{"line":46,"column":8},"end":{"line":46,"column":8}},{"start":{"line":46,"column":8},"end":{"line":46,"column":8}}]},"6":{"line":59,"type":"if","locations":[{"start":{"line":59,"column":8},"end":{"line":59,"column":8}},{"start":{"line":59,"column":8},"end":{"line":59,"column":8}}]},"7":{"line":66,"type":"if","locations":[{"start":{"line":66,"column":8},"end":{"line":66,"column":8}},{"start":{"line":66,"column":8},"end":{"line":66,"column":8}}]},"8":{"line":67,"type":"if","locations":[{"start":{"line":67,"column":8},"end":{"line":67,"column":8}},{"start":{"line":67,"column":8},"end":{"line":67,"column":8}}]}}},"contracts/FitchainToken.sol":{"l":{"16":6},"path":"/Users/ahmed/Desktop/code/fitchain-contracts/contracts/FitchainToken.sol","s":{"1":6},"b":{},"f":{"1":6},"fnMap":{"1":{"name":null,"line":15,"loc":{"start":{"line":15,"column":4},"end":{"line":15,"column":63}}}},"statementMap":{"1":{"start":{"line":16,"column":8},"end":{"line":16,"column":40}}},"branchMap":{}},"contracts/GossipersPool.sol":{"l":{"52":2,"53":2,"54":2,"55":2,"56":2,"60":2,"61":2,"65":6,"66":6,"70":6,"71":6,"72":18,"74":6,"75":6,"79":2,"80":2,"85":3,"86":3,"87":3,"91":6,"95":9,"96":9,"100":9,"104":7,"108":2,"109":2,"110":6,"112":2,"117":2,"118":2,"119":2,"120":2,"121":2,"122":6,"124":2,"125":2,"129":2,"130":2,"131":2,"135":0,"139":0,"143":4,"147":0,"148":0,"152":3,"156":6,"160":6,"161":6,"162":6,"163":6,"164":6,"165":6,"166":6,"168":0,"172":2,"173":6,"176":2,"179":2,"180":2,"181":6,"182":4,"183":4,"186":2,"187":2,"191":2,"192":2,"194":2,"195":2,"196":2,"198":0,"199":0,"203":2,"207":1,"208":1},"path":"/Users/ahmed/Desktop/code/fitchain-contracts/contracts/GossipersPool.sol","s":{"1":2,"2":2,"3":2,"4":2,"5":2,"6":6,"7":6,"8":6,"9":18,"10":6,"11":6,"12":2,"13":3,"14":3,"15":3,"16":6,"17":9,"18":9,"19":9,"20":7,"21":2,"22":2,"23":2,"24":2,"25":2,"26":2,"27":2,"28":2,"29":2,"30":2,"31":2,"32":0,"33":2,"34":2,"35":0,"36":0,"37":4,"38":0,"39":0,"40":3,"41":6,"42":6,"43":6,"44":6,"45":6,"46":0,"47":2,"48":2,"49":2,"50":2,"51":6,"52":4,"53":4,"54":2,"55":2,"56":2,"57":2,"58":2,"59":2,"60":2,"61":0,"62":0,"63":2,"64":1,"65":0,"66":1},"b":{"1":[2,0],"2":[2,0],"3":[2,0],"4":[2,0],"5":[2,0],"6":[6,0],"7":[6,12],"8":[6,0],"9":[2,0],"10":[3,0],"11":[9,0],"12":[2,0],"13":[0,2],"14":[6,0],"15":[4,2],"16":[4,0],"17":[2,0],"18":[2,0],"19":[2,0],"20":[0,1]},"f":{"1":2,"2":2,"3":6,"4":6,"5":2,"6":3,"7":6,"8":9,"9":9,"10":7,"11":2,"12":2,"13":2,"14":0,"15":0,"16":4,"17":0,"18":3,"19":6,"20":6,"21":2,"22":2,"23":2,"24":1},"fnMap":{"1":{"name":"requireKGossipers","line":51,"loc":{"start":{"line":51,"column":4},"end":{"line":51,"column":62}}},"2":{"name":"isValidChannelId","line":59,"loc":{"start":{"line":59,"column":4},"end":{"line":59,"column":46}}},"3":{"name":"onlyValidStake","line":64,"loc":{"start":{"line":64,"column":4},"end":{"line":64,"column":40}}},"4":{"name":"canVerify","line":69,"loc":{"start":{"line":69,"column":4},"end":{"line":69,"column":39}}},"5":{"name":"isPotValidated","line":78,"loc":{"start":{"line":78,"column":4},"end":{"line":78,"column":44}}},"6":{"name":null,"line":84,"loc":{"start":{"line":84,"column":4},"end":{"line":84,"column":113}}},"7":{"name":"registerGossiper","line":90,"loc":{"start":{"line":90,"column":4},"end":{"line":90,"column":101}}},"8":{"name":"isRegisteredGossiper","line":94,"loc":{"start":{"line":94,"column":4},"end":{"line":94,"column":74}}},"9":{"name":"deregisterGossiper","line":99,"loc":{"start":{"line":99,"column":4},"end":{"line":99,"column":51}}},"10":{"name":"getAvailableGossipers","line":103,"loc":{"start":{"line":103,"column":4},"end":{"line":103,"column":64}}},"11":{"name":"getKGossipers","line":107,"loc":{"start":{"line":107,"column":4},"end":{"line":107,"column":78}}},"12":{"name":"initChannel","line":116,"loc":{"start":{"line":116,"column":4},"end":{"line":116,"column":175}}},"13":{"name":"terminateChannel","line":128,"loc":{"start":{"line":128,"column":4},"end":{"line":128,"column":93}}},"14":{"name":"getChannelGossipers","line":134,"loc":{"start":{"line":134,"column":4},"end":{"line":134,"column":80}}},"15":{"name":"getChannelByProofId","line":138,"loc":{"start":{"line":138,"column":4},"end":{"line":138,"column":76}}},"16":{"name":"getProofIdByChannelId","line":142,"loc":{"start":{"line":142,"column":4},"end":{"line":142,"column":80}}},"17":{"name":"getProof","line":146,"loc":{"start":{"line":146,"column":4},"end":{"line":146,"column":84}}},"18":{"name":"isValidProof","line":151,"loc":{"start":{"line":151,"column":4},"end":{"line":151,"column":68}}},"19":{"name":"isValidSignature","line":155,"loc":{"start":{"line":155,"column":4},"end":{"line":155,"column":103}}},"20":{"name":"submitProof","line":159,"loc":{"start":{"line":159,"column":4},"end":{"line":159,"column":150}}},"21":{"name":"freeChannelSlots","line":171,"loc":{"start":{"line":171,"column":4},"end":{"line":171,"column":67}}},"22":{"name":"validateProof","line":178,"loc":{"start":{"line":178,"column":4},"end":{"line":178,"column":64}}},"23":{"name":"getChannelOwner","line":202,"loc":{"start":{"line":202,"column":4},"end":{"line":202,"column":74}}},"24":{"name":"isChannelTerminated","line":206,"loc":{"start":{"line":206,"column":4},"end":{"line":206,"column":76}}}},"statementMap":{"1":{"start":{"line":52,"column":8},"end":{"line":52,"column":107}},"2":{"start":{"line":53,"column":8},"end":{"line":53,"column":107}},"3":{"start":{"line":54,"column":8},"end":{"line":54,"column":93}},"4":{"start":{"line":55,"column":8},"end":{"line":55,"column":85}},"5":{"start":{"line":60,"column":8},"end":{"line":60,"column":68}},"6":{"start":{"line":65,"column":8},"end":{"line":65,"column":58}},"7":{"start":{"line":70,"column":8},"end":{"line":70,"column":25}},"8":{"start":{"line":71,"column":8},"end":{"line":71,"column":2101}},"9":{"start":{"line":72,"column":12},"end":{"line":72,"column":73}},"10":{"start":{"line":72,"column":63},"end":{"line":72,"column":72}},"11":{"start":{"line":74,"column":8},"end":{"line":74,"column":67}},"12":{"start":{"line":79,"column":8},"end":{"line":79,"column":115}},"13":{"start":{"line":85,"column":8},"end":{"line":85,"column":83}},"14":{"start":{"line":86,"column":8},"end":{"line":86,"column":87}},"15":{"start":{"line":87,"column":8},"end":{"line":87,"column":52}},"16":{"start":{"line":91,"column":8},"end":{"line":91,"column":103}},"17":{"start":{"line":95,"column":8},"end":{"line":95,"column":66}},"18":{"start":{"line":96,"column":8},"end":{"line":96,"column":51}},"19":{"start":{"line":100,"column":8},"end":{"line":100,"column":91}},"20":{"start":{"line":104,"column":8},"end":{"line":104,"column":49}},"21":{"start":{"line":108,"column":8},"end":{"line":108,"column":62}},"22":{"start":{"line":109,"column":8},"end":{"line":109,"column":3769}},"23":{"start":{"line":112,"column":8},"end":{"line":112,"column":51}},"24":{"start":{"line":117,"column":8},"end":{"line":117,"column":89}},"25":{"start":{"line":118,"column":8},"end":{"line":118,"column":106}},"26":{"start":{"line":119,"column":8},"end":{"line":119,"column":75}},"27":{"start":{"line":120,"column":8},"end":{"line":120,"column":99}},"28":{"start":{"line":121,"column":8},"end":{"line":121,"column":4503}},"29":{"start":{"line":124,"column":8},"end":{"line":124,"column":82}},"30":{"start":{"line":125,"column":8},"end":{"line":125,"column":19}},"31":{"start":{"line":129,"column":8},"end":{"line":129,"column":50}},"32":{"start":{"line":129,"column":39},"end":{"line":129,"column":50}},"33":{"start":{"line":130,"column":8},"end":{"line":130,"column":40}},"34":{"start":{"line":131,"column":8},"end":{"line":131,"column":19}},"35":{"start":{"line":135,"column":8},"end":{"line":135,"column":44}},"36":{"start":{"line":139,"column":8},"end":{"line":139,"column":40}},"37":{"start":{"line":143,"column":8},"end":{"line":143,"column":40}},"38":{"start":{"line":147,"column":8},"end":{"line":147,"column":50}},"39":{"start":{"line":148,"column":8},"end":{"line":148,"column":98}},"40":{"start":{"line":152,"column":8},"end":{"line":152,"column":59}},"41":{"start":{"line":156,"column":8},"end":{"line":156,"column":59}},"42":{"start":{"line":160,"column":8},"end":{"line":160,"column":123}},"43":{"start":{"line":161,"column":8},"end":{"line":161,"column":6243}},"44":{"start":{"line":165,"column":12},"end":{"line":165,"column":93}},"45":{"start":{"line":166,"column":12},"end":{"line":166,"column":23}},"46":{"start":{"line":168,"column":8},"end":{"line":168,"column":20}},"47":{"start":{"line":172,"column":8},"end":{"line":172,"column":6760}},"48":{"start":{"line":176,"column":8},"end":{"line":176,"column":19}},"49":{"start":{"line":179,"column":8},"end":{"line":179,"column":31}},"50":{"start":{"line":180,"column":8},"end":{"line":180,"column":7091}},"51":{"start":{"line":181,"column":12},"end":{"line":181,"column":7185}},"52":{"start":{"line":182,"column":16},"end":{"line":182,"column":7269}},"53":{"start":{"line":183,"column":20},"end":{"line":183,"column":35}},"54":{"start":{"line":186,"column":16},"end":{"line":186,"column":7467}},"55":{"start":{"line":187,"column":20},"end":{"line":187,"column":35}},"56":{"start":{"line":191,"column":8},"end":{"line":191,"column":7653}},"57":{"start":{"line":192,"column":12},"end":{"line":192,"column":62}},"58":{"start":{"line":194,"column":12},"end":{"line":194,"column":73}},"59":{"start":{"line":195,"column":12},"end":{"line":195,"column":87}},"60":{"start":{"line":196,"column":12},"end":{"line":196,"column":23}},"61":{"start":{"line":198,"column":8},"end":{"line":198,"column":84}},"62":{"start":{"line":199,"column":8},"end":{"line":199,"column":20}},"63":{"start":{"line":203,"column":8},"end":{"line":203,"column":40}},"64":{"start":{"line":207,"column":8},"end":{"line":207,"column":51}},"65":{"start":{"line":207,"column":39},"end":{"line":207,"column":51}},"66":{"start":{"line":208,"column":8},"end":{"line":208,"column":19}}},"branchMap":{"1":{"line":52,"type":"if","locations":[{"start":{"line":52,"column":8},"end":{"line":52,"column":8}},{"start":{"line":52,"column":8},"end":{"line":52,"column":8}}]},"2":{"line":53,"type":"if","locations":[{"start":{"line":53,"column":8},"end":{"line":53,"column":8}},{"start":{"line":53,"column":8},"end":{"line":53,"column":8}}]},"3":{"line":54,"type":"if","locations":[{"start":{"line":54,"column":8},"end":{"line":54,"column":8}},{"start":{"line":54,"column":8},"end":{"line":54,"column":8}}]},"4":{"line":55,"type":"if","locations":[{"start":{"line":55,"column":8},"end":{"line":55,"column":8}},{"start":{"line":55,"column":8},"end":{"line":55,"column":8}}]},"5":{"line":60,"type":"if","locations":[{"start":{"line":60,"column":8},"end":{"line":60,"column":8}},{"start":{"line":60,"column":8},"end":{"line":60,"column":8}}]},"6":{"line":65,"type":"if","locations":[{"start":{"line":65,"column":8},"end":{"line":65,"column":8}},{"start":{"line":65,"column":8},"end":{"line":65,"column":8}}]},"7":{"line":72,"type":"if","locations":[{"start":{"line":72,"column":12},"end":{"line":72,"column":12}},{"start":{"line":72,"column":12},"end":{"line":72,"column":12}}]},"8":{"line":74,"type":"if","locations":[{"start":{"line":74,"column":8},"end":{"line":74,"column":8}},{"start":{"line":74,"column":8},"end":{"line":74,"column":8}}]},"9":{"line":79,"type":"if","locations":[{"start":{"line":79,"column":8},"end":{"line":79,"column":8}},{"start":{"line":79,"column":8},"end":{"line":79,"column":8}}]},"10":{"line":85,"type":"if","locations":[{"start":{"line":85,"column":8},"end":{"line":85,"column":8}},{"start":{"line":85,"column":8},"end":{"line":85,"column":8}}]},"11":{"line":95,"type":"if","locations":[{"start":{"line":95,"column":8},"end":{"line":95,"column":8}},{"start":{"line":95,"column":8},"end":{"line":95,"column":8}}]},"12":{"line":120,"type":"if","locations":[{"start":{"line":120,"column":8},"end":{"line":120,"column":8}},{"start":{"line":120,"column":8},"end":{"line":120,"column":8}}]},"13":{"line":129,"type":"if","locations":[{"start":{"line":129,"column":8},"end":{"line":129,"column":8}},{"start":{"line":129,"column":8},"end":{"line":129,"column":8}}]},"14":{"line":161,"type":"if","locations":[{"start":{"line":161,"column":8},"end":{"line":161,"column":8}},{"start":{"line":161,"column":8},"end":{"line":161,"column":8}}]},"15":{"line":181,"type":"if","locations":[{"start":{"line":181,"column":12},"end":{"line":181,"column":12}},{"start":{"line":181,"column":12},"end":{"line":181,"column":12}}]},"16":{"line":182,"type":"if","locations":[{"start":{"line":182,"column":16},"end":{"line":182,"column":16}},{"start":{"line":182,"column":16},"end":{"line":182,"column":16}}]},"17":{"line":186,"type":"if","locations":[{"start":{"line":186,"column":16},"end":{"line":186,"column":16}},{"start":{"line":186,"column":16},"end":{"line":186,"column":16}}]},"18":{"line":191,"type":"if","locations":[{"start":{"line":191,"column":8},"end":{"line":191,"column":8}},{"start":{"line":191,"column":8},"end":{"line":191,"column":8}}]},"19":{"line":194,"type":"if","locations":[{"start":{"line":194,"column":12},"end":{"line":194,"column":12}},{"start":{"line":194,"column":12},"end":{"line":194,"column":12}}]},"20":{"line":207,"type":"if","locations":[{"start":{"line":207,"column":8},"end":{"line":207,"column":8}},{"start":{"line":207,"column":8},"end":{"line":207,"column":8}}]}}},"contracts/VerifiersPool.sol":{"l":{"50":6,"51":6,"52":6,"53":18,"55":6,"56":6,"60":0,"61":0,"65":6,"66":6,"70":1,"71":1,"75":0,"76":0,"80":2,"81":2,"85":6,"86":6,"91":4,"92":4,"93":4,"94":4,"95":4,"99":1,"103":2,"104":2,"105":2,"106":2,"107":2,"108":2,"109":6,"112":2,"113":2,"114":2,"116":0,"117":0,"122":6,"123":6,"124":6,"125":2,"126":2,"127":2,"129":4,"130":4,"134":1,"135":1,"136":1,"137":1,"138":1,"139":1,"140":1,"141":1,"142":1,"143":1,"147":0,"148":0,"149":0,"152":0,"153":0,"157":6,"161":6,"165":3,"169":0,"173":2,"174":2,"175":6,"177":2,"181":1,"185":0,"189":6,"190":6},"path":"/Users/ahmed/Desktop/code/fitchain-contracts/contracts/VerifiersPool.sol","s":{"1":6,"2":6,"3":6,"4":18,"5":6,"6":6,"7":0,"8":6,"9":1,"10":0,"11":2,"12":6,"13":4,"14":4,"15":4,"16":4,"17":4,"18":1,"19":2,"20":2,"21":2,"22":2,"23":2,"24":2,"25":2,"26":2,"27":2,"28":0,"29":0,"30":6,"31":6,"32":6,"33":2,"34":2,"35":4,"36":4,"37":1,"38":1,"39":1,"40":1,"41":1,"42":1,"43":1,"44":0,"45":0,"46":0,"47":0,"48":0,"49":6,"50":6,"51":3,"52":0,"53":2,"54":2,"55":2,"56":1,"57":0,"58":6,"59":6},"b":{"1":[6,0],"2":[6,12],"3":[6,0],"4":[0,0],"5":[6,0],"6":[1,0],"7":[0,0],"8":[2,0],"9":[6,0],"10":[4,0],"11":[4,0],"12":[2,0],"13":[2,0],"14":[2,0],"15":[2,4],"16":[1,0],"17":[1,0],"18":[0,0],"19":[6,0]},"f":{"1":6,"2":0,"3":6,"4":1,"5":0,"6":2,"7":6,"8":4,"9":1,"10":2,"11":6,"12":1,"13":6,"14":6,"15":3,"16":0,"17":2,"18":1,"19":0,"20":6},"fnMap":{"1":{"name":"onlyChallengeVerifiers","line":49,"loc":{"start":{"line":49,"column":4},"end":{"line":49,"column":53}}},"2":{"name":"onlyChallengeOwner","line":59,"loc":{"start":{"line":59,"column":4},"end":{"line":59,"column":49}}},"3":{"name":"onlyValidStake","line":64,"loc":{"start":{"line":64,"column":4},"end":{"line":64,"column":40}}},"4":{"name":"onlyExistProof","line":69,"loc":{"start":{"line":69,"column":4},"end":{"line":69,"column":42}}},"5":{"name":"onlyExistChallenge","line":74,"loc":{"start":{"line":74,"column":4},"end":{"line":74,"column":49}}},"6":{"name":"onlyNotExistChallenge","line":79,"loc":{"start":{"line":79,"column":4},"end":{"line":79,"column":53}}},"7":{"name":"onlyCanVoteOnce","line":84,"loc":{"start":{"line":84,"column":4},"end":{"line":84,"column":47}}},"8":{"name":null,"line":90,"loc":{"start":{"line":90,"column":4},"end":{"line":90,"column":153}}},"9":{"name":"doesChallengeExist","line":98,"loc":{"start":{"line":98,"column":4},"end":{"line":98,"column":75}}},"10":{"name":"initChallenge","line":102,"loc":{"start":{"line":102,"column":4},"end":{"line":102,"column":176}}},"11":{"name":"startCommitRevealPhase","line":121,"loc":{"start":{"line":121,"column":4},"end":{"line":121,"column":140}}},"12":{"name":"getCommitRevealResults","line":133,"loc":{"start":{"line":133,"column":4},"end":{"line":133,"column":87}}},"13":{"name":"getAvailableVerifiers","line":156,"loc":{"start":{"line":156,"column":4},"end":{"line":156,"column":64}}},"14":{"name":"registerVerifier","line":160,"loc":{"start":{"line":160,"column":4},"end":{"line":160,"column":101}}},"15":{"name":"deregisterVerifier","line":164,"loc":{"start":{"line":164,"column":4},"end":{"line":164,"column":64}}},"16":{"name":"slashVerifier","line":168,"loc":{"start":{"line":168,"column":4},"end":{"line":168,"column":112}}},"17":{"name":"getKVerifiers","line":172,"loc":{"start":{"line":172,"column":4},"end":{"line":172,"column":80}}},"18":{"name":"isVerifiedProof","line":180,"loc":{"start":{"line":180,"column":4},"end":{"line":180,"column":100}}},"19":{"name":"getChallengeOwner","line":184,"loc":{"start":{"line":184,"column":4},"end":{"line":184,"column":109}}},"20":{"name":"isRegisteredVerifier","line":188,"loc":{"start":{"line":188,"column":4},"end":{"line":188,"column":74}}}},"statementMap":{"1":{"start":{"line":50,"column":8},"end":{"line":50,"column":30}},"2":{"start":{"line":51,"column":8},"end":{"line":51,"column":74}},"3":{"start":{"line":52,"column":8},"end":{"line":52,"column":1420}},"4":{"start":{"line":53,"column":12},"end":{"line":53,"column":84}},"5":{"start":{"line":53,"column":67},"end":{"line":53,"column":83}},"6":{"start":{"line":55,"column":8},"end":{"line":55,"column":73}},"7":{"start":{"line":60,"column":8},"end":{"line":60,"column":89}},"8":{"start":{"line":65,"column":8},"end":{"line":65,"column":61}},"9":{"start":{"line":70,"column":8},"end":{"line":70,"column":61}},"10":{"start":{"line":75,"column":8},"end":{"line":75,"column":73}},"11":{"start":{"line":80,"column":8},"end":{"line":80,"column":72}},"12":{"start":{"line":85,"column":8},"end":{"line":85,"column":92}},"13":{"start":{"line":91,"column":8},"end":{"line":91,"column":92}},"14":{"start":{"line":92,"column":8},"end":{"line":92,"column":76}},"15":{"start":{"line":93,"column":8},"end":{"line":93,"column":45}},"16":{"start":{"line":94,"column":8},"end":{"line":94,"column":49}},"17":{"start":{"line":95,"column":8},"end":{"line":95,"column":105}},"18":{"start":{"line":99,"column":8},"end":{"line":99,"column":44}},"19":{"start":{"line":103,"column":8},"end":{"line":103,"column":105}},"20":{"start":{"line":104,"column":8},"end":{"line":104,"column":59}},"21":{"start":{"line":105,"column":8},"end":{"line":105,"column":3627}},"22":{"start":{"line":106,"column":12},"end":{"line":106,"column":147}},"23":{"start":{"line":107,"column":12},"end":{"line":107,"column":113}},"24":{"start":{"line":108,"column":12},"end":{"line":108,"column":3945}},"25":{"start":{"line":112,"column":12},"end":{"line":112,"column":51}},"26":{"start":{"line":113,"column":12},"end":{"line":113,"column":117}},"27":{"start":{"line":114,"column":12},"end":{"line":114,"column":23}},"28":{"start":{"line":116,"column":8},"end":{"line":116,"column":114}},"29":{"start":{"line":117,"column":8},"end":{"line":117,"column":20}},"30":{"start":{"line":122,"column":8},"end":{"line":122,"column":44}},"31":{"start":{"line":123,"column":8},"end":{"line":123,"column":44}},"32":{"start":{"line":124,"column":8},"end":{"line":124,"column":4766}},"33":{"start":{"line":125,"column":12},"end":{"line":125,"column":89}},"34":{"start":{"line":127,"column":12},"end":{"line":127,"column":23}},"35":{"start":{"line":129,"column":8},"end":{"line":129,"column":86}},"36":{"start":{"line":130,"column":8},"end":{"line":130,"column":20}},"37":{"start":{"line":138,"column":8},"end":{"line":138,"column":5448}},"38":{"start":{"line":139,"column":12},"end":{"line":139,"column":109}},"39":{"start":{"line":140,"column":12},"end":{"line":140,"column":54}},"40":{"start":{"line":141,"column":12},"end":{"line":141,"column":64}},"41":{"start":{"line":141,"column":27},"end":{"line":141,"column":63}},"42":{"start":{"line":142,"column":12},"end":{"line":142,"column":138}},"43":{"start":{"line":143,"column":12},"end":{"line":143,"column":34}},"44":{"start":{"line":147,"column":8},"end":{"line":147,"column":6027}},"45":{"start":{"line":148,"column":12},"end":{"line":148,"column":6104}},"46":{"start":{"line":149,"column":16},"end":{"line":149,"column":136}},"47":{"start":{"line":152,"column":8},"end":{"line":152,"column":47}},"48":{"start":{"line":153,"column":8},"end":{"line":153,"column":37}},"49":{"start":{"line":157,"column":8},"end":{"line":157,"column":49}},"50":{"start":{"line":161,"column":8},"end":{"line":161,"column":103}},"51":{"start":{"line":165,"column":8},"end":{"line":165,"column":85}},"52":{"start":{"line":169,"column":8},"end":{"line":169,"column":128}},"53":{"start":{"line":173,"column":8},"end":{"line":173,"column":62}},"54":{"start":{"line":174,"column":8},"end":{"line":174,"column":7311}},"55":{"start":{"line":177,"column":8},"end":{"line":177,"column":55}},"56":{"start":{"line":181,"column":8},"end":{"line":181,"column":45}},"57":{"start":{"line":185,"column":8},"end":{"line":185,"column":44}},"58":{"start":{"line":189,"column":8},"end":{"line":189,"column":66}},"59":{"start":{"line":190,"column":8},"end":{"line":190,"column":51}}},"branchMap":{"1":{"line":51,"type":"if","locations":[{"start":{"line":51,"column":8},"end":{"line":51,"column":8}},{"start":{"line":51,"column":8},"end":{"line":51,"column":8}}]},"2":{"line":53,"type":"if","locations":[{"start":{"line":53,"column":12},"end":{"line":53,"column":12}},{"start":{"line":53,"column":12},"end":{"line":53,"column":12}}]},"3":{"line":55,"type":"if","locations":[{"start":{"line":55,"column":8},"end":{"line":55,"column":8}},{"start":{"line":55,"column":8},"end":{"line":55,"column":8}}]},"4":{"line":60,"type":"if","locations":[{"start":{"line":60,"column":8},"end":{"line":60,"column":8}},{"start":{"line":60,"column":8},"end":{"line":60,"column":8}}]},"5":{"line":65,"type":"if","locations":[{"start":{"line":65,"column":8},"end":{"line":65,"column":8}},{"start":{"line":65,"column":8},"end":{"line":65,"column":8}}]},"6":{"line":70,"type":"if","locations":[{"start":{"line":70,"column":8},"end":{"line":70,"column":8}},{"start":{"line":70,"column":8},"end":{"line":70,"column":8}}]},"7":{"line":75,"type":"if","locations":[{"start":{"line":75,"column":8},"end":{"line":75,"column":8}},{"start":{"line":75,"column":8},"end":{"line":75,"column":8}}]},"8":{"line":80,"type":"if","locations":[{"start":{"line":80,"column":8},"end":{"line":80,"column":8}},{"start":{"line":80,"column":8},"end":{"line":80,"column":8}}]},"9":{"line":85,"type":"if","locations":[{"start":{"line":85,"column":8},"end":{"line":85,"column":8}},{"start":{"line":85,"column":8},"end":{"line":85,"column":8}}]},"10":{"line":91,"type":"if","locations":[{"start":{"line":91,"column":8},"end":{"line":91,"column":8}},{"start":{"line":91,"column":8},"end":{"line":91,"column":8}}]},"11":{"line":92,"type":"if","locations":[{"start":{"line":92,"column":8},"end":{"line":92,"column":8}},{"start":{"line":92,"column":8},"end":{"line":92,"column":8}}]},"12":{"line":103,"type":"if","locations":[{"start":{"line":103,"column":8},"end":{"line":103,"column":8}},{"start":{"line":103,"column":8},"end":{"line":103,"column":8}}]},"13":{"line":105,"type":"if","locations":[{"start":{"line":105,"column":8},"end":{"line":105,"column":8}},{"start":{"line":105,"column":8},"end":{"line":105,"column":8}}]},"14":{"line":107,"type":"if","locations":[{"start":{"line":107,"column":12},"end":{"line":107,"column":12}},{"start":{"line":107,"column":12},"end":{"line":107,"column":12}}]},"15":{"line":124,"type":"if","locations":[{"start":{"line":124,"column":8},"end":{"line":124,"column":8}},{"start":{"line":124,"column":8},"end":{"line":124,"column":8}}]},"16":{"line":138,"type":"if","locations":[{"start":{"line":138,"column":8},"end":{"line":138,"column":8}},{"start":{"line":138,"column":8},"end":{"line":138,"column":8}}]},"17":{"line":141,"type":"if","locations":[{"start":{"line":141,"column":12},"end":{"line":141,"column":12}},{"start":{"line":141,"column":12},"end":{"line":141,"column":12}}]},"18":{"line":149,"type":"if","locations":[{"start":{"line":149,"column":16},"end":{"line":149,"column":16}},{"start":{"line":149,"column":16},"end":{"line":149,"column":16}}]},"19":{"line":189,"type":"if","locations":[{"start":{"line":189,"column":8},"end":{"line":189,"column":8}},{"start":{"line":189,"column":8},"end":{"line":189,"column":8}}]}}}}