TN:
SF:/Users/ahmed/Desktop/code/fitchain-contracts/contracts/CommitReveal.sol
FN:43,onlyAfterReveal
FN:48,onlyCommitmentVoters
FN:57,onlyCommitmentOwner
FN:62,onlyCommitmentNotExist
FN:67,setup
FN:75,commit
FN:83,reveal
FN:96,getCommitmentResult
FN:136,isCommitmentTimedout
FN:143,getRevealTimeout
FN:147,getCommitTimeout
FN:151,canReveal
FN:154,getCommitRevealResult
FNF:13
FNH:12
FNDA:2,onlyAfterReveal
FNDA:28,onlyCommitmentVoters
FNDA:2,onlyCommitmentOwner
FNDA:3,onlyCommitmentNotExist
FNDA:3,setup
FNDA:11,commit
FNDA:17,reveal
FNDA:2,getCommitmentResult
FNDA:2,isCommitmentTimedout
FNDA:2,getRevealTimeout
FNDA:1,getCommitTimeout
FNDA:3,canReveal
FNDA:0,getCommitRevealResult
DA:44,2
DA:45,2
DA:49,28
DA:50,28
DA:51,84
DA:53,28
DA:54,28
DA:58,2
DA:59,2
DA:63,3
DA:64,3
DA:68,3
DA:69,3
DA:70,3
DA:71,3
DA:72,3
DA:76,11
DA:77,9
DA:78,9
DA:79,9
DA:80,9
DA:84,17
DA:85,17
DA:86,17
DA:87,17
DA:88,9
DA:89,9
DA:90,9
DA:91,9
DA:92,9
DA:93,9
DA:97,2
DA:98,2
DA:99,2
DA:101,4
DA:102,0
DA:104,4
DA:105,2
DA:107,2
DA:108,2
DA:109,2
DA:111,0
DA:112,0
DA:115,0
DA:116,0
DA:118,0
DA:124,2
DA:125,2
DA:126,2
DA:128,2
DA:130,0
DA:132,0
DA:133,0
DA:137,2
DA:138,2
DA:140,0
DA:144,2
DA:148,1
DA:152,3
DA:155,0
DA:156,0
LF:61
LH:49
BRDA:44,1,0,2
BRDA:44,1,1,0
BRDA:51,2,0,28
BRDA:51,2,1,56
BRDA:53,3,0,28
BRDA:53,3,1,0
BRDA:58,4,0,2
BRDA:58,4,1,0
BRDA:63,5,0,3
BRDA:63,5,1,0
BRDA:68,6,0,3
BRDA:68,6,1,0
BRDA:76,7,0,9
BRDA:76,7,1,2
BRDA:77,8,0,9
BRDA:77,8,1,0
BRDA:84,9,0,17
BRDA:84,9,1,0
BRDA:85,10,0,17
BRDA:85,10,1,0
BRDA:86,11,0,17
BRDA:86,11,1,0
BRDA:87,12,0,9
BRDA:87,12,1,8
BRDA:88,13,0,9
BRDA:88,13,1,0
BRDA:101,14,0,0
BRDA:101,14,1,4
BRDA:104,15,0,2
BRDA:104,15,1,2
BRDA:105,16,0,2
BRDA:105,16,1,0
BRDA:107,17,0,2
BRDA:107,17,1,0
BRDA:115,18,0,0
BRDA:115,18,1,0
BRDA:124,19,0,2
BRDA:124,19,1,0
BRDA:137,20,0,2
BRDA:137,20,1,0
BRDA:155,21,0,0
BRDA:155,21,1,0
BRF:42
BRH:23
end_of_record
TN:
SF:/Users/ahmed/Desktop/code/fitchain-contracts/contracts/FitchainHelper.sol
FN:10,suffle
FNF:1
FNH:0
FNDA:0,suffle
DA:11,0
LF:1
LH:0
BRF:0
BRH:0
end_of_record
TN:
SF:/Users/ahmed/Desktop/code/fitchain-contracts/contracts/FitchainModel.sol
FN:44,notExist
FN:49,onlyExist
FN:54,onlyModelOwner
FN:59,onlyValidatedModel
FN:67,onlyVerifiedModel
FN:72,
FN:82,createModel
FN:96,publishModel
FN:105,verifyModel
FN:113,releaseModelStake
FN:119,isModelTrained
FN:123,isModelVerified
FN:127,getModelKVerifiersCount
FN:131,getModelKGossipersCount
FN:135,getModelChallengeCount
FN:139,setModelTrained
FN:145,setModelVerified
FNF:17
FNH:14
FNDA:1,notExist
FNDA:4,onlyExist
FNDA:3,onlyModelOwner
FNDA:2,onlyValidatedModel
FNDA:1,onlyVerifiedModel
FNDA:3,
FNDA:1,createModel
FNDA:1,publishModel
FNDA:1,verifyModel
FNDA:1,releaseModelStake
FNDA:2,isModelTrained
FNDA:2,isModelVerified
FNDA:0,getModelKVerifiersCount
FNDA:0,getModelKGossipersCount
FNDA:0,getModelChallengeCount
FNDA:1,setModelTrained
FNDA:1,setModelVerified
DA:45,1
DA:46,1
DA:50,4
DA:51,4
DA:55,3
DA:56,3
DA:60,2
DA:61,2
DA:62,2
DA:63,2
DA:64,2
DA:68,1
DA:69,1
DA:73,3
DA:74,3
DA:75,3
DA:76,3
DA:77,3
DA:78,3
DA:79,3
DA:84,1
DA:85,1
DA:87,1
DA:88,1
DA:89,1
DA:91,0
DA:92,0
DA:97,1
DA:98,1
DA:99,1
DA:100,1
DA:101,1
DA:102,1
DA:106,1
DA:108,1
DA:109,1
DA:110,1
DA:114,1
DA:115,1
DA:116,1
DA:120,2
DA:124,2
DA:128,0
DA:132,0
DA:136,0
DA:140,1
DA:141,1
DA:142,1
DA:146,1
DA:147,0
DA:149,0
DA:150,0
DA:153,0
DA:155,0
DA:156,0
DA:158,0
DA:162,0
DA:163,0
DA:165,1
LF:59
LH:45
BRDA:45,1,0,1
BRDA:45,1,1,0
BRDA:50,2,0,4
BRDA:50,2,1,0
BRDA:55,3,0,3
BRDA:55,3,1,0
BRDA:61,4,0,2
BRDA:61,4,1,0
BRDA:62,5,0,2
BRDA:62,5,1,0
BRDA:63,6,0,2
BRDA:63,6,1,0
BRDA:68,7,0,1
BRDA:68,7,1,0
BRDA:73,8,0,3
BRDA:73,8,1,0
BRDA:74,9,0,3
BRDA:74,9,1,0
BRDA:75,10,0,3
BRDA:75,10,1,0
BRDA:84,11,0,1
BRDA:84,11,1,0
BRDA:108,12,0,1
BRDA:108,12,1,0
BRDA:140,13,0,1
BRDA:140,13,1,0
BRDA:149,14,0,0
BRDA:149,14,1,0
BRDA:153,15,0,0
BRDA:153,15,1,0
BRDA:162,16,0,0
BRDA:162,16,1,0
BRDA:163,17,0,0
BRDA:163,17,1,0
BRF:34
BRH:13
end_of_record
TN:
SF:/Users/ahmed/Desktop/code/fitchain-contracts/contracts/FitchainPayment.sol
FN:29,onlyValidModel
FN:39,
FN:47,lockPayment
FN:57,releasePayment
FN:63,refundPayment
FNF:5
FNH:4
FNDA:1,onlyValidModel
FNDA:3,
FNDA:1,lockPayment
FNDA:1,releasePayment
FNDA:0,refundPayment
DA:30,1
DA:31,1
DA:40,3
DA:41,3
DA:42,3
DA:43,3
DA:44,3
DA:48,1
DA:49,1
DA:50,1
DA:51,1
DA:52,1
DA:53,1
DA:54,1
DA:58,1
DA:59,1
DA:60,1
DA:65,0
DA:66,0
DA:67,0
DA:68,0
LF:21
LH:17
BRDA:30,1,0,1
BRDA:30,1,1,0
BRDA:40,2,0,3
BRDA:40,2,1,0
BRDA:41,3,0,3
BRDA:41,3,1,0
BRDA:48,4,0,1
BRDA:48,4,1,0
BRDA:49,5,0,1
BRDA:49,5,1,0
BRDA:50,6,0,1
BRDA:50,6,1,0
BRDA:52,7,0,1
BRDA:52,7,1,0
BRDA:65,8,0,0
BRDA:65,8,1,0
BRF:16
BRH:7
end_of_record
TN:
SF:/Users/ahmed/Desktop/code/fitchain-contracts/contracts/FitchainRegistry.sol
FN:23,onlyRegistryOwner
FN:28,onlyExist
FN:33,onlyFreeSlots
FN:38,onlyNotExist
FN:43,
FN:48,register
FN:56,deregister
FN:64,slashActor
FN:74,isActorRegistered
FN:78,getActorFreeSlots
FN:82,getActorMaxSlots
FN:86,removeActorFromRegistry
FN:100,addActorToRegistry
FN:105,getAvaliableRegistrants
FN:109,decrementActorSlots
FN:118,incrementActorSlots
FNF:16
FNH:16
FNDA:43,onlyRegistryOwner
FNDA:1,onlyExist
FNDA:16,onlyFreeSlots
FNDA:14,onlyNotExist
FNDA:5,
FNDA:14,register
FNDA:8,deregister
FNDA:1,slashActor
FNDA:19,isActorRegistered
FNDA:5,getActorFreeSlots
FNDA:2,getActorMaxSlots
FNDA:20,removeActorFromRegistry
FNDA:23,addActorToRegistry
FNDA:14,getAvaliableRegistrants
FNDA:15,decrementActorSlots
FNDA:11,incrementActorSlots
DA:24,43
DA:25,43
DA:29,1
DA:30,1
DA:34,16
DA:35,8
DA:39,14
DA:40,14
DA:44,5
DA:45,5
DA:49,14
DA:50,14
DA:51,14
DA:52,14
DA:53,14
DA:57,8
DA:58,8
DA:59,8
DA:60,8
DA:61,8
DA:65,1
DA:66,1
DA:67,1
DA:69,1
DA:71,1
DA:75,19
DA:79,5
DA:83,2
DA:88,20
DA:89,20
DA:90,20
DA:91,19
DA:93,20
DA:94,20
DA:97,0
DA:101,23
DA:102,23
DA:106,14
DA:110,15
DA:111,15
DA:112,15
DA:113,12
DA:115,3
DA:119,11
DA:120,11
DA:121,9
DA:123,11
DA:124,11
LF:48
LH:47
BRDA:24,1,0,43
BRDA:24,1,1,0
BRDA:29,2,0,1
BRDA:29,2,1,0
BRDA:34,3,0,8
BRDA:34,3,1,8
BRDA:39,4,0,14
BRDA:39,4,1,0
BRDA:44,5,0,5
BRDA:44,5,1,0
BRDA:49,6,0,14
BRDA:49,6,1,0
BRDA:50,7,0,14
BRDA:50,7,1,0
BRDA:58,8,0,8
BRDA:58,8,1,0
BRDA:65,9,0,1
BRDA:65,9,1,0
BRDA:66,10,0,1
BRDA:66,10,1,0
BRDA:89,11,0,20
BRDA:89,11,1,0
BRDA:110,12,0,15
BRDA:110,12,1,0
BRDA:112,13,0,12
BRDA:112,13,1,3
BRDA:119,14,0,11
BRDA:119,14,1,0
BRDA:120,15,0,9
BRDA:120,15,1,2
BRF:30
BRH:18
end_of_record
TN:
SF:/Users/ahmed/Desktop/code/fitchain-contracts/contracts/FitchainStake.sol
FN:19,onlyStakeOwner
FN:26,
FN:31,stake
FN:43,stake
FN:54,getStakebyActor
FN:58,slash
FN:65,release
FNF:7
FNH:7
FNDA:11,onlyStakeOwner
FNDA:5,
FNDA:1,stake
FNDA:15,stake
FNDA:10,getStakebyActor
FNDA:1,slash
FNDA:10,release
DA:20,11
DA:21,11
DA:27,5
DA:28,5
DA:32,1
DA:33,1
DA:34,1
DA:35,1
DA:36,1
DA:37,1
DA:39,0
DA:40,0
DA:44,15
DA:45,15
DA:46,15
DA:47,15
DA:48,15
DA:49,15
DA:51,0
DA:55,10
DA:59,1
DA:60,1
DA:62,1
DA:66,10
DA:67,10
DA:68,10
DA:69,10
LF:27
LH:24
BRDA:20,1,0,11
BRDA:20,1,1,0
BRDA:27,2,0,5
BRDA:27,2,1,0
BRDA:33,3,0,1
BRDA:33,3,1,0
BRDA:45,4,0,15
BRDA:45,4,1,0
BRDA:46,5,0,15
BRDA:46,5,1,0
BRDA:59,6,0,1
BRDA:59,6,1,0
BRDA:66,7,0,10
BRDA:66,7,1,0
BRDA:67,8,0,10
BRDA:67,8,1,0
BRF:16
BRH:8
end_of_record
TN:
SF:/Users/ahmed/Desktop/code/fitchain-contracts/contracts/FitchainToken.sol
FN:15,
FNF:1
FNH:1
FNDA:6,
DA:16,6
LF:1
LH:1
BRF:0
BRH:0
end_of_record
TN:
SF:/Users/ahmed/Desktop/code/fitchain-contracts/contracts/GossipersPool.sol
FN:51,requireKGossipers
FN:59,isValidChannelId
FN:64,onlyValidStake
FN:69,canVerify
FN:78,isPotValidated
FN:84,
FN:90,registerGossiper
FN:94,isRegisteredGossiper
FN:99,deregisterGossiper
FN:103,getAvailableGossipers
FN:107,getKGossipers
FN:116,initChannel
FN:128,terminateChannel
FN:134,getChannelGossipers
FN:138,getChannelByProofId
FN:142,getProofIdByChannelId
FN:146,getProof
FN:151,isValidProof
FN:155,isValidSignature
FN:159,submitProof
FN:171,freeChannelSlots
FN:178,validateProof
FN:202,getChannelOwner
FN:206,isChannelTerminated
FNF:24
FNH:21
FNDA:2,requireKGossipers
FNDA:2,isValidChannelId
FNDA:6,onlyValidStake
FNDA:6,canVerify
FNDA:2,isPotValidated
FNDA:3,
FNDA:6,registerGossiper
FNDA:9,isRegisteredGossiper
FNDA:9,deregisterGossiper
FNDA:7,getAvailableGossipers
FNDA:2,getKGossipers
FNDA:2,initChannel
FNDA:2,terminateChannel
FNDA:0,getChannelGossipers
FNDA:0,getChannelByProofId
FNDA:4,getProofIdByChannelId
FNDA:0,getProof
FNDA:3,isValidProof
FNDA:6,isValidSignature
FNDA:6,submitProof
FNDA:2,freeChannelSlots
FNDA:2,validateProof
FNDA:2,getChannelOwner
FNDA:1,isChannelTerminated
DA:52,2
DA:53,2
DA:54,2
DA:55,2
DA:56,2
DA:60,2
DA:61,2
DA:65,6
DA:66,6
DA:70,6
DA:71,6
DA:72,18
DA:74,6
DA:75,6
DA:79,2
DA:80,2
DA:85,3
DA:86,3
DA:87,3
DA:91,6
DA:95,9
DA:96,9
DA:100,9
DA:104,7
DA:108,2
DA:109,2
DA:110,6
DA:112,2
DA:117,2
DA:118,2
DA:119,2
DA:120,2
DA:121,2
DA:122,6
DA:124,2
DA:125,2
DA:129,2
DA:130,2
DA:131,2
DA:135,0
DA:139,0
DA:143,4
DA:147,0
DA:148,0
DA:152,3
DA:156,6
DA:160,6
DA:161,6
DA:162,6
DA:163,6
DA:164,6
DA:165,6
DA:166,6
DA:168,0
DA:172,2
DA:173,6
DA:176,2
DA:179,2
DA:180,2
DA:181,6
DA:182,4
DA:183,4
DA:186,2
DA:187,2
DA:191,2
DA:192,2
DA:194,2
DA:195,2
DA:196,2
DA:198,0
DA:199,0
DA:203,2
DA:207,1
DA:208,1
LF:74
LH:67
BRDA:52,1,0,2
BRDA:52,1,1,0
BRDA:53,2,0,2
BRDA:53,2,1,0
BRDA:54,3,0,2
BRDA:54,3,1,0
BRDA:55,4,0,2
BRDA:55,4,1,0
BRDA:60,5,0,2
BRDA:60,5,1,0
BRDA:65,6,0,6
BRDA:65,6,1,0
BRDA:72,7,0,6
BRDA:72,7,1,12
BRDA:74,8,0,6
BRDA:74,8,1,0
BRDA:79,9,0,2
BRDA:79,9,1,0
BRDA:85,10,0,3
BRDA:85,10,1,0
BRDA:95,11,0,9
BRDA:95,11,1,0
BRDA:120,12,0,2
BRDA:120,12,1,0
BRDA:129,13,0,0
BRDA:129,13,1,2
BRDA:161,14,0,6
BRDA:161,14,1,0
BRDA:181,15,0,4
BRDA:181,15,1,2
BRDA:182,16,0,4
BRDA:182,16,1,0
BRDA:186,17,0,2
BRDA:186,17,1,0
BRDA:191,18,0,2
BRDA:191,18,1,0
BRDA:194,19,0,2
BRDA:194,19,1,0
BRDA:207,20,0,0
BRDA:207,20,1,1
BRF:40
BRH:22
end_of_record
TN:
SF:/Users/ahmed/Desktop/code/fitchain-contracts/contracts/VerifiersPool.sol
FN:49,onlyChallengeVerifiers
FN:59,onlyChallengeOwner
FN:64,onlyValidStake
FN:69,onlyExistProof
FN:74,onlyExistChallenge
FN:79,onlyNotExistChallenge
FN:84,onlyCanVoteOnce
FN:90,
FN:98,doesChallengeExist
FN:102,initChallenge
FN:121,startCommitRevealPhase
FN:133,getCommitRevealResults
FN:156,getAvailableVerifiers
FN:160,registerVerifier
FN:164,deregisterVerifier
FN:168,slashVerifier
FN:172,getKVerifiers
FN:180,isVerifiedProof
FN:184,getChallengeOwner
FN:188,isRegisteredVerifier
FNF:20
FNH:16
FNDA:6,onlyChallengeVerifiers
FNDA:0,onlyChallengeOwner
FNDA:6,onlyValidStake
FNDA:1,onlyExistProof
FNDA:0,onlyExistChallenge
FNDA:2,onlyNotExistChallenge
FNDA:6,onlyCanVoteOnce
FNDA:4,
FNDA:1,doesChallengeExist
FNDA:2,initChallenge
FNDA:6,startCommitRevealPhase
FNDA:1,getCommitRevealResults
FNDA:6,getAvailableVerifiers
FNDA:6,registerVerifier
FNDA:3,deregisterVerifier
FNDA:0,slashVerifier
FNDA:2,getKVerifiers
FNDA:1,isVerifiedProof
FNDA:0,getChallengeOwner
FNDA:6,isRegisteredVerifier
DA:50,6
DA:51,6
DA:52,6
DA:53,18
DA:55,6
DA:56,6
DA:60,0
DA:61,0
DA:65,6
DA:66,6
DA:70,1
DA:71,1
DA:75,0
DA:76,0
DA:80,2
DA:81,2
DA:85,6
DA:86,6
DA:91,4
DA:92,4
DA:93,4
DA:94,4
DA:95,4
DA:99,1
DA:103,2
DA:104,2
DA:105,2
DA:106,2
DA:107,2
DA:108,2
DA:109,6
DA:112,2
DA:113,2
DA:114,2
DA:116,0
DA:117,0
DA:122,6
DA:123,6
DA:124,6
DA:125,2
DA:126,2
DA:127,2
DA:129,4
DA:130,4
DA:134,1
DA:135,1
DA:136,1
DA:137,1
DA:138,1
DA:139,1
DA:140,1
DA:141,1
DA:142,1
DA:143,1
DA:147,0
DA:148,0
DA:149,0
DA:152,0
DA:153,0
DA:157,6
DA:161,6
DA:165,3
DA:169,0
DA:173,2
DA:174,2
DA:175,6
DA:177,2
DA:181,1
DA:185,0
DA:189,6
DA:190,6
LF:71
LH:58
BRDA:51,1,0,6
BRDA:51,1,1,0
BRDA:53,2,0,6
BRDA:53,2,1,12
BRDA:55,3,0,6
BRDA:55,3,1,0
BRDA:60,4,0,0
BRDA:60,4,1,0
BRDA:65,5,0,6
BRDA:65,5,1,0
BRDA:70,6,0,1
BRDA:70,6,1,0
BRDA:75,7,0,0
BRDA:75,7,1,0
BRDA:80,8,0,2
BRDA:80,8,1,0
BRDA:85,9,0,6
BRDA:85,9,1,0
BRDA:91,10,0,4
BRDA:91,10,1,0
BRDA:92,11,0,4
BRDA:92,11,1,0
BRDA:103,12,0,2
BRDA:103,12,1,0
BRDA:105,13,0,2
BRDA:105,13,1,0
BRDA:107,14,0,2
BRDA:107,14,1,0
BRDA:124,15,0,2
BRDA:124,15,1,4
BRDA:138,16,0,1
BRDA:138,16,1,0
BRDA:141,17,0,1
BRDA:141,17,1,0
BRDA:149,18,0,0
BRDA:149,18,1,0
BRDA:189,19,0,6
BRDA:189,19,1,0
BRF:38
BRH:18
end_of_record
